[13Dez.2024 20:57:56.157] [Test worker/WARN] [net.minecraftforge.common.ForgeConfigSpec/CORE]: Configuration file test-smallships-config.toml is not correct. Correcting
[13Dez.2024 20:57:56.164] [Test worker/WARN] [net.minecraftforge.common.ForgeConfigSpec/CORE]: Incorrect key Version was corrected from null to its default, 0. 
[13Dez.2024 20:57:56.166] [Test worker/WARN] [net.minecraftforge.common.ForgeConfigSpec/CORE]: Incorrect key Ships was corrected from null to its default, SimpleCommentedConfig:{}. 
[13Dez.2024 20:57:56.167] [Test worker/WARN] [net.minecraftforge.common.ForgeConfigSpec/CORE]: Incorrect key Ships.GalleySpeedFactor was corrected from null to its default, 1.3. 
[13Dez.2024 20:57:56.168] [Test worker/WARN] [net.minecraftforge.common.ForgeConfigSpec/CORE]: Incorrect key Ships.GalleyTurnFactor was corrected from null to its default, 0.5. 
[13Dez.2024 20:57:56.169] [Test worker/WARN] [net.minecraftforge.common.ForgeConfigSpec/CORE]: Incorrect key Ships.CogSpeedFactor was corrected from null to its default, 1.25. 
[13Dez.2024 20:57:56.170] [Test worker/WARN] [net.minecraftforge.common.ForgeConfigSpec/CORE]: Incorrect key Ships.CogTurnFactor was corrected from null to its default, 0.1. 
[13Dez.2024 20:57:56.170] [Test worker/WARN] [net.minecraftforge.common.ForgeConfigSpec/CORE]: Incorrect key Ships.WarGalleySpeedFactor was corrected from null to its default, 1.15. 
[13Dez.2024 20:57:56.171] [Test worker/WARN] [net.minecraftforge.common.ForgeConfigSpec/CORE]: Incorrect key Ships.WarGalleyTurnFactor was corrected from null to its default, 0.4. 
[13Dez.2024 20:57:56.172] [Test worker/WARN] [net.minecraftforge.common.ForgeConfigSpec/CORE]: Incorrect key Ships.DrakkarSpeedFactor was corrected from null to its default, 1.25. 
[13Dez.2024 20:57:56.173] [Test worker/WARN] [net.minecraftforge.common.ForgeConfigSpec/CORE]: Incorrect key Ships.DrakkarTurnFactor was corrected from null to its default, 0.3. 
[13Dez.2024 20:57:56.173] [Test worker/WARN] [net.minecraftforge.common.ForgeConfigSpec/CORE]: Incorrect key Ships.DrakkarIceBreakSpeed was corrected from null to its default, 2.0. 
[13Dez.2024 20:57:56.174] [Test worker/WARN] [net.minecraftforge.common.ForgeConfigSpec/CORE]: Incorrect key Ships.RowBoatSpeedFactor was corrected from null to its default, 1.0. 
[13Dez.2024 20:57:56.175] [Test worker/WARN] [net.minecraftforge.common.ForgeConfigSpec/CORE]: Incorrect key Ships.RowBoatTurnFactor was corrected from null to its default, 0.8. 
[13Dez.2024 20:57:56.175] [Test worker/WARN] [net.minecraftforge.common.ForgeConfigSpec/CORE]: Incorrect key Ships.BriggSpeedFactor was corrected from null to its default, 1.28. 
[13Dez.2024 20:57:56.176] [Test worker/WARN] [net.minecraftforge.common.ForgeConfigSpec/CORE]: Incorrect key Ships.BriggTurnFactor was corrected from null to its default, 0.2. 
[13Dez.2024 20:57:56.177] [Test worker/WARN] [net.minecraftforge.common.ForgeConfigSpec/CORE]: Incorrect key Ships.DhowSpeedFactor was corrected from null to its default, 1.35. 
[13Dez.2024 20:57:56.177] [Test worker/WARN] [net.minecraftforge.common.ForgeConfigSpec/CORE]: Incorrect key Ships.DhowTurnFactor was corrected from null to its default, 0.3. 
[13Dez.2024 20:57:56.178] [Test worker/WARN] [net.minecraftforge.common.ForgeConfigSpec/CORE]: Incorrect key Ships.PlaySwimSound was corrected from null to its default, true. 
[13Dez.2024 20:57:56.178] [Test worker/WARN] [net.minecraftforge.common.ForgeConfigSpec/CORE]: Incorrect key Ships.WaterMobFlee was corrected from null to its default, true. 
[13Dez.2024 20:57:56.179] [Test worker/WARN] [net.minecraftforge.common.ForgeConfigSpec/CORE]: Incorrect key Ships.ShipZoom was corrected from null to its default, 6.0. 
[13Dez.2024 20:57:56.179] [Test worker/WARN] [net.minecraftforge.common.ForgeConfigSpec/CORE]: Incorrect key Ships.EnterThirdPerson was corrected from null to its default, true. 
[13Dez.2024 20:57:56.180] [Test worker/WARN] [net.minecraftforge.common.ForgeConfigSpec/CORE]: Incorrect key Ships.MakeWaveAnimation was corrected from null to its default, true. 
[13Dez.2024 20:57:56.180] [Test worker/WARN] [net.minecraftforge.common.ForgeConfigSpec/CORE]: Incorrect key Ships.BriggHealth was corrected from null to its default, 600.0. 
[13Dez.2024 20:57:56.181] [Test worker/WARN] [net.minecraftforge.common.ForgeConfigSpec/CORE]: Incorrect key Ships.CogHealth was corrected from null to its default, 300.0. 
[13Dez.2024 20:57:56.182] [Test worker/WARN] [net.minecraftforge.common.ForgeConfigSpec/CORE]: Incorrect key Ships.DrakkarHealth was corrected from null to its default, 360.0. 
[13Dez.2024 20:57:56.182] [Test worker/WARN] [net.minecraftforge.common.ForgeConfigSpec/CORE]: Incorrect key Ships.GalleyHealth was corrected from null to its default, 600.0. 
[13Dez.2024 20:57:56.183] [Test worker/WARN] [net.minecraftforge.common.ForgeConfigSpec/CORE]: Incorrect key Ships.RowBoatHealth was corrected from null to its default, 100.0. 
[13Dez.2024 20:57:56.183] [Test worker/WARN] [net.minecraftforge.common.ForgeConfigSpec/CORE]: Incorrect key Ships.WarGalleyHealth was corrected from null to its default, 600.0. 
[13Dez.2024 20:57:56.184] [Test worker/WARN] [net.minecraftforge.common.ForgeConfigSpec/CORE]: Incorrect key Ships.DhowHealth was corrected from null to its default, 400.0. 
[13Dez.2024 20:57:56.184] [Test worker/WARN] [net.minecraftforge.common.ForgeConfigSpec/CORE]: Incorrect key Ships.Passenger BlackList was corrected from null to its default, []. 
[13Dez.2024 20:57:56.200] [Test worker/WARN] [net.minecraftforge.common.ForgeConfigSpec/CORE]: Configuration file test-smallships-config.toml is not correct. Correcting
[13Dez.2024 20:57:56.201] [Test worker/WARN] [net.minecraftforge.common.ForgeConfigSpec/CORE]: Incorrect key Version was corrected from null to its default, 0. 
[13Dez.2024 20:57:56.202] [Test worker/WARN] [net.minecraftforge.common.ForgeConfigSpec/CORE]: Incorrect key Ships was corrected from null to its default, SimpleCommentedConfig:{}. 
[13Dez.2024 20:57:56.203] [Test worker/WARN] [net.minecraftforge.common.ForgeConfigSpec/CORE]: Incorrect key Ships.GalleySpeedFactor was corrected from null to its default, 1.3. 
[13Dez.2024 20:57:56.203] [Test worker/WARN] [net.minecraftforge.common.ForgeConfigSpec/CORE]: Incorrect key Ships.GalleyTurnFactor was corrected from null to its default, 0.5. 
[13Dez.2024 20:57:56.204] [Test worker/WARN] [net.minecraftforge.common.ForgeConfigSpec/CORE]: Incorrect key Ships.CogSpeedFactor was corrected from null to its default, 1.25. 
[13Dez.2024 20:57:56.205] [Test worker/WARN] [net.minecraftforge.common.ForgeConfigSpec/CORE]: Incorrect key Ships.CogTurnFactor was corrected from null to its default, 0.1. 
[13Dez.2024 20:57:56.206] [Test worker/WARN] [net.minecraftforge.common.ForgeConfigSpec/CORE]: Incorrect key Ships.WarGalleySpeedFactor was corrected from null to its default, 1.15. 
[13Dez.2024 20:57:56.206] [Test worker/WARN] [net.minecraftforge.common.ForgeConfigSpec/CORE]: Incorrect key Ships.WarGalleyTurnFactor was corrected from null to its default, 0.4. 
[13Dez.2024 20:57:56.207] [Test worker/WARN] [net.minecraftforge.common.ForgeConfigSpec/CORE]: Incorrect key Ships.DrakkarSpeedFactor was corrected from null to its default, 1.25. 
[13Dez.2024 20:57:56.208] [Test worker/WARN] [net.minecraftforge.common.ForgeConfigSpec/CORE]: Incorrect key Ships.DrakkarTurnFactor was corrected from null to its default, 0.3. 
[13Dez.2024 20:57:56.208] [Test worker/WARN] [net.minecraftforge.common.ForgeConfigSpec/CORE]: Incorrect key Ships.DrakkarIceBreakSpeed was corrected from null to its default, 2.0. 
[13Dez.2024 20:57:56.209] [Test worker/WARN] [net.minecraftforge.common.ForgeConfigSpec/CORE]: Incorrect key Ships.RowBoatSpeedFactor was corrected from null to its default, 1.0. 
[13Dez.2024 20:57:56.209] [Test worker/WARN] [net.minecraftforge.common.ForgeConfigSpec/CORE]: Incorrect key Ships.RowBoatTurnFactor was corrected from null to its default, 0.8. 
[13Dez.2024 20:57:56.210] [Test worker/WARN] [net.minecraftforge.common.ForgeConfigSpec/CORE]: Incorrect key Ships.BriggSpeedFactor was corrected from null to its default, 1.28. 
[13Dez.2024 20:57:56.210] [Test worker/WARN] [net.minecraftforge.common.ForgeConfigSpec/CORE]: Incorrect key Ships.BriggTurnFactor was corrected from null to its default, 0.2. 
[13Dez.2024 20:57:56.211] [Test worker/WARN] [net.minecraftforge.common.ForgeConfigSpec/CORE]: Incorrect key Ships.DhowSpeedFactor was corrected from null to its default, 1.35. 
[13Dez.2024 20:57:56.212] [Test worker/WARN] [net.minecraftforge.common.ForgeConfigSpec/CORE]: Incorrect key Ships.DhowTurnFactor was corrected from null to its default, 0.3. 
[13Dez.2024 20:57:56.212] [Test worker/WARN] [net.minecraftforge.common.ForgeConfigSpec/CORE]: Incorrect key Ships.PlaySwimSound was corrected from null to its default, true. 
[13Dez.2024 20:57:56.213] [Test worker/WARN] [net.minecraftforge.common.ForgeConfigSpec/CORE]: Incorrect key Ships.WaterMobFlee was corrected from null to its default, true. 
[13Dez.2024 20:57:56.213] [Test worker/WARN] [net.minecraftforge.common.ForgeConfigSpec/CORE]: Incorrect key Ships.ShipZoom was corrected from null to its default, 6.0. 
[13Dez.2024 20:57:56.214] [Test worker/WARN] [net.minecraftforge.common.ForgeConfigSpec/CORE]: Incorrect key Ships.EnterThirdPerson was corrected from null to its default, true. 
[13Dez.2024 20:57:56.214] [Test worker/WARN] [net.minecraftforge.common.ForgeConfigSpec/CORE]: Incorrect key Ships.MakeWaveAnimation was corrected from null to its default, true. 
[13Dez.2024 20:57:56.215] [Test worker/WARN] [net.minecraftforge.common.ForgeConfigSpec/CORE]: Incorrect key Ships.BriggHealth was corrected from null to its default, 600.0. 
[13Dez.2024 20:57:56.215] [Test worker/WARN] [net.minecraftforge.common.ForgeConfigSpec/CORE]: Incorrect key Ships.CogHealth was corrected from null to its default, 300.0. 
[13Dez.2024 20:57:56.215] [Test worker/WARN] [net.minecraftforge.common.ForgeConfigSpec/CORE]: Incorrect key Ships.DrakkarHealth was corrected from null to its default, 360.0. 
[13Dez.2024 20:57:56.216] [Test worker/WARN] [net.minecraftforge.common.ForgeConfigSpec/CORE]: Incorrect key Ships.GalleyHealth was corrected from null to its default, 600.0. 
[13Dez.2024 20:57:56.216] [Test worker/WARN] [net.minecraftforge.common.ForgeConfigSpec/CORE]: Incorrect key Ships.RowBoatHealth was corrected from null to its default, 100.0. 
[13Dez.2024 20:57:56.217] [Test worker/WARN] [net.minecraftforge.common.ForgeConfigSpec/CORE]: Incorrect key Ships.WarGalleyHealth was corrected from null to its default, 600.0. 
[13Dez.2024 20:57:56.217] [Test worker/WARN] [net.minecraftforge.common.ForgeConfigSpec/CORE]: Incorrect key Ships.DhowHealth was corrected from null to its default, 400.0. 
[13Dez.2024 20:57:56.217] [Test worker/WARN] [net.minecraftforge.common.ForgeConfigSpec/CORE]: Incorrect key Ships.Passenger BlackList was corrected from null to its default, []. 
